#
# There is insufficient memory for the Java Runtime Environment to continue.
# Native memory allocation (malloc) failed to allocate 1048576 bytes for AllocateHeap
# Possible reasons:
#   The system is out of physical RAM or swap space
#   In 32 bit mode, the process size limit was hit
# Possible solutions:
#   Reduce memory load on the system
#   Increase physical memory or swap space
#   Check if swap backing store is full
#   Use 64 bit Java on a 64 bit OS
#   Decrease Java heap size (-Xmx/-Xms)
#   Decrease number of Java threads
#   Decrease Java thread stack sizes (-Xss)
#   Set larger code cache with -XX:ReservedCodeCacheSize=
# This output file may be truncated or incomplete.
#
#  Out of Memory Error (memory/allocation.inline.hpp:61), pid=8404, tid=0x0000000000000bfc
#
# JRE version:  (8.0_76-b03) (build )
# Java VM: OpenJDK 64-Bit Server VM (25.76-b03 mixed mode windows-amd64 compressed oops)
# Failed to write core dump. Minidumps are not enabled by default on client versions of Windows
#

---------------  T H R E A D  ---------------

Current thread (0x0000000002380800):  JavaThread "Unknown thread" [_thread_in_vm, id=3068, stack(0x00000000021e0000,0x00000000022e0000)]

Stack: [0x00000000021e0000,0x00000000022e0000]
[error occurred during error reporting (printing stack bounds), id 0xc0000005]

Native frames: (J=compiled Java code, j=interpreted, Vv=VM code, C=native code)


---------------  P R O C E S S  ---------------

Java Threads: ( => current thread )

Other Threads:

=>0x0000000002380800 (exited) JavaThread "Unknown thread" [_thread_in_vm, id=3068, stack(0x00000000021e0000,0x00000000022e0000)]

VM state:not at safepoint (normal execution)

VM Mutex/Monitor currently owned by a thread: None

Heap:
 PSYoungGen      total 38400K, used 665K [0x00000000eab00000, 0x00000000ed580000, 0x0000000100000000)
  eden space 33280K, 2% used [0x00000000eab00000,0x00000000eaba6670,0x00000000ecb80000)
  from space 5120K, 0% used [0x00000000ed080000,0x00000000ed080000,0x00000000ed580000)
  to   space 5120K, 0% used [0x00000000ecb80000,0x00000000ecb80000,0x00000000ed080000)
 ParOldGen       total 87552K, used 0K [0x00000000c0000000, 0x00000000c5580000, 0x00000000eab00000)
  object space 87552K, 0% used [0x00000000c0000000,0x00000000c0000000,0x00000000c5580000)
 Metaspace       used 771K, capacity 4480K, committed 4480K, reserved 1056768K
  class space    used 73K, capacity 384K, committed 384K, reserved 1048576K

Card table byte_map: [0x0000000011840000,0x0000000011a50000] byte_map_base: 0x0000000011240000

Marking Bits: (ParMarkBitMap*) 0x00000000746b9d00
 Begin Bits: [0x0000000011fb0000, 0x0000000012fb0000)
 End Bits:   [0x0000000012fb0000, 0x0000000013fb0000)

Polling page: 0x00000000003f0000

CodeCache: size=245760Kb used=328Kb max_used=328Kb free=245431Kb
 bounds [0x0000000002480000, 0x00000000026f0000, 0x0000000011480000]
 total_blobs=57 nmethods=0 adapters=38
 compilation: enabled

Compilation events (0 events):
No events

GC Heap History (0 events):
No events

Deoptimization events (0 events):
No events

Internal exceptions (0 events):
No events

Events (10 events):
Event: 0.033 loading class java/lang/Short
Event: 0.033 loading class java/lang/Short done
Event: 0.033 loading class java/lang/Integer
Event: 0.033 loading class java/lang/Integer done
Event: 0.033 loading class java/lang/Long
Event: 0.033 loading class java/lang/Long done
Event: 0.034 loading class java/lang/NullPointerException
Event: 0.034 loading class java/lang/NullPointerException done
Event: 0.034 loading class java/lang/ArithmeticException
Event: 0.034 loading class java/lang/ArithmeticException done


Dynamic libraries:
0x00007ff7c3b40000 - 0x00007ff7c3b71000 	E:\android\android studio\jre\bin\java.exe
0x00007ffafe1b0000 - 0x00007ffafe381000 	C:\WINDOWS\SYSTEM32\ntdll.dll
0x00007ffafe100000 - 0x00007ffafe1ab000 	C:\WINDOWS\System32\KERNEL32.DLL
0x00007ffafa820000 - 0x00007ffafaa3d000 	C:\WINDOWS\System32\KERNELBASE.dll
0x00007ffafbce0000 - 0x00007ffafbd82000 	C:\WINDOWS\System32\ADVAPI32.dll
0x00007ffafde90000 - 0x00007ffafdf2e000 	C:\WINDOWS\System32\msvcrt.dll
0x00007ffafbc80000 - 0x00007ffafbcd9000 	C:\WINDOWS\System32\sechost.dll
0x00007ffafbf40000 - 0x00007ffafc061000 	C:\WINDOWS\System32\RPCRT4.dll
0x00007ffafdf90000 - 0x00007ffafe0f5000 	C:\WINDOWS\System32\USER32.dll
0x00007ffafa7b0000 - 0x00007ffafa7ce000 	C:\WINDOWS\System32\win32u.dll
0x00007ffafc110000 - 0x00007ffafc144000 	C:\WINDOWS\System32\GDI32.dll
0x00007ffafb2c0000 - 0x00007ffafb442000 	C:\WINDOWS\System32\gdi32full.dll
0x00007ffaeeb70000 - 0x00007ffaeede9000 	C:\WINDOWS\WinSxS\amd64_microsoft.windows.common-controls_6595b64144ccf1df_6.0.14393.447_none_42191651c6827bb3\COMCTL32.dll
0x00007ffafb7b0000 - 0x00007ffafba78000 	C:\WINDOWS\System32\combase.dll
0x00007ffafaa40000 - 0x00007ffafab35000 	C:\WINDOWS\System32\ucrtbase.dll
0x00007ffafb450000 - 0x00007ffafb4ba000 	C:\WINDOWS\System32\bcryptPrimitives.dll
0x00007ffafc0e0000 - 0x00007ffafc10e000 	C:\WINDOWS\System32\IMM32.DLL
0x0000000074840000 - 0x0000000074912000 	E:\android\android studio\jre\jre\bin\msvcr100.dll
0x0000000073f00000 - 0x0000000074734000 	E:\android\android studio\jre\jre\bin\server\jvm.dll
0x00007ffafbf30000 - 0x00007ffafbf38000 	C:\WINDOWS\System32\PSAPI.DLL
0x00007ffae6710000 - 0x00007ffae6719000 	C:\WINDOWS\SYSTEM32\WSOCK32.dll
0x00007ffafc2c0000 - 0x00007ffafc32a000 	C:\WINDOWS\System32\WS2_32.dll
0x00007ffaf8420000 - 0x00007ffaf8443000 	C:\WINDOWS\SYSTEM32\WINMM.dll
0x00007ffaeedf0000 - 0x00007ffaeedfa000 	C:\WINDOWS\SYSTEM32\VERSION.dll
0x00007ffaf83f0000 - 0x00007ffaf841b000 	C:\WINDOWS\SYSTEM32\WINMMBASE.dll
0x00007ffafa7d0000 - 0x00007ffafa812000 	C:\WINDOWS\System32\cfgmgr32.dll
0x00007ffaf6680000 - 0x00007ffaf668f000 	E:\android\android studio\jre\jre\bin\verify.dll
0x00007ffaf08e0000 - 0x00007ffaf0909000 	E:\android\android studio\jre\jre\bin\java.dll
0x00007ffaf2390000 - 0x00007ffaf23a6000 	E:\android\android studio\jre\jre\bin\zip.dll

VM Arguments:
jvm_args: -Djava.awt.headless=true -Xmx1024M -Dfile.encoding=windows-1252 -Duser.country=IN -Duser.language=en -Duser.variant 
java_command: com.android.dx.command.Main --dex --output D:\ADUU\Litmus'17\Litmus'17\app\build\intermediates\pre-dexed\release\kenburnsview-1.0.7_b3f7c13ed9c11860a340c5f5bd81c0c84e3d0eda.jar C:\Users\saiso\.gradle\caches\modules-2\files-2.1\com.flaviofaria\kenburnsview\1.0.7\ce4e8bba9e026dd29f8110b2f6bb1fc4ecbdd9b1\kenburnsview-1.0.7.jar
java_class_path (initial): E:\android\sdk\build-tools\22.0.1\lib\dx.jar
Launcher Type: SUN_STANDARD

Environment Variables:
PATH=C:\Program Files (x86)\NVIDIA Corporation\PhysX\Common;C:\Program Files (x86)\Intel\iCLS Client\;C:\Program Files\Intel\iCLS Client\;C:\WINDOWS\system32;C:\WINDOWS;C:\WINDOWS\System32\Wbem;C:\WINDOWS\System32\WindowsPowerShell\v1.0\;C:\Program Files\Intel\Intel(R) Management Engine Components\DAL;C:\Program Files\Intel\Intel(R) Management Engine Components\IPT;C:\Program Files (x86)\Intel\Intel(R) Management Engine Components\DAL;C:\Program Files (x86)\Intel\Intel(R) Management Engine Components\IPT;C:\Program Files\Java\jdk1.7.0_79\bin;C:\Program Files\Git\cmd;C:\Users\saiso\AppData\Local\Microsoft\WindowsApps;
USERNAME=saiso
OS=Windows_NT
PROCESSOR_IDENTIFIER=Intel64 Family 6 Model 69 Stepping 1, GenuineIntel



---------------  S Y S T E M  ---------------

OS: Windows 10.0 , 64 bit Build 14393 (10.0.14393.0)

CPU:total 4 (2 cores per cpu, 2 threads per core) family 6 model 69 stepping 1, cmov, cx8, fxsr, mmx, sse, sse2, sse3, ssse3, sse4.1, sse4.2, popcnt, avx, avx2, aes, clmul, erms, lzcnt, ht, tsc, tscinvbit, bmi1, bmi2

Memory: 4k page, physical 8278296k(2060336k free), swap 33444120k(12392k free)

vm_info: OpenJDK 64-Bit Server VM (25.76-b03) for windows-amd64 JRE (1.8.0_76-release-b03), built on Jun 29 2016 19:09:20 by "ralucas" with MS VC++ 10.0 (VS2010)

time: Tue Feb 28 19:38:13 2017
elapsed time: 0 seconds (0d 0h 0m 0s)

