#
# There is insufficient memory for the Java Runtime Environment to continue.
# Native memory allocation (malloc) failed to allocate 32744 bytes for ChunkPool::allocate
# Possible reasons:
#   The system is out of physical RAM or swap space
#   In 32 bit mode, the process size limit was hit
# Possible solutions:
#   Reduce memory load on the system
#   Increase physical memory or swap space
#   Check if swap backing store is full
#   Use 64 bit Java on a 64 bit OS
#   Decrease Java heap size (-Xmx/-Xms)
#   Decrease number of Java threads
#   Decrease Java thread stack sizes (-Xss)
#   Set larger code cache with -XX:ReservedCodeCacheSize=
# This output file may be truncated or incomplete.
#
#  Out of Memory Error (allocation.cpp:273), pid=12912, tid=0x0000000000002b8c
#
# JRE version: OpenJDK Runtime Environment (8.0_76-b03) (build 1.8.0_76-release-b03)
# Java VM: OpenJDK 64-Bit Server VM (25.76-b03 mixed mode windows-amd64 compressed oops)
# Failed to write core dump. Minidumps are not enabled by default on client versions of Windows
#

---------------  T H R E A D  ---------------

Current thread (0x0000000014e0e000):  JavaThread "C2 CompilerThread1" daemon [_thread_in_native, id=11148, stack(0x0000000016560000,0x0000000016660000)]

Stack: [0x0000000016560000,0x0000000016660000]
[error occurred during error reporting (printing stack bounds), id 0xc0000005]

Native frames: (J=compiled Java code, j=interpreted, Vv=VM code, C=native code)


Current CompileTask:
C2:   1722 1348   !   4       com.android.dx.cf.code.BytecodeArray::parseInstruction (2764 bytes)


---------------  P R O C E S S  ---------------

Java Threads: ( => current thread )
  0x0000000016783800 JavaThread "Service Thread" daemon [_thread_blocked, id=8228, stack(0x0000000016b60000,0x0000000016c60000)]
  0x0000000014e11800 JavaThread "C1 CompilerThread2" daemon [_thread_in_native, id=12436, stack(0x0000000016660000,0x0000000016760000)]
=>0x0000000014e0e000 JavaThread "C2 CompilerThread1" daemon [_thread_in_native, id=11148, stack(0x0000000016560000,0x0000000016660000)]
  0x0000000014e0a800 JavaThread "C2 CompilerThread0" daemon [_thread_in_native, id=1880, stack(0x0000000016460000,0x0000000016560000)]
  0x0000000014e09000 JavaThread "Attach Listener" daemon [_thread_blocked, id=11360, stack(0x0000000016360000,0x0000000016460000)]
  0x0000000014e07800 JavaThread "Signal Dispatcher" daemon [_thread_blocked, id=5308, stack(0x0000000016260000,0x0000000016360000)]
  0x0000000014df8000 JavaThread "Finalizer" daemon [_thread_blocked, id=11820, stack(0x0000000016070000,0x0000000016170000)]
  0x000000000272f000 JavaThread "Reference Handler" daemon [_thread_blocked, id=7200, stack(0x0000000015f70000,0x0000000016070000)]
  0x0000000002640800 JavaThread "main" [_thread_in_Java, id=13692, stack(0x00000000024c0000,0x00000000025c0000)]

Other Threads:
  0x0000000014dd5800 VMThread [stack: 0x0000000015e70000,0x0000000015f70000] [id=13628]
  0x0000000016784000 WatcherThread [stack: 0x0000000016c60000,0x0000000016d60000] [id=4072]

VM state:not at safepoint (normal execution)

VM Mutex/Monitor currently owned by a thread: None

Heap:
 PSYoungGen      total 38400K, used 12084K [0x00000000eab00000, 0x00000000ef600000, 0x0000000100000000)
  eden space 33280K, 21% used [0x00000000eab00000,0x00000000eb1d3398,0x00000000ecb80000)
  from space 5120K, 99% used [0x00000000ecb80000,0x00000000ed079c78,0x00000000ed080000)
  to   space 5120K, 0% used [0x00000000ef100000,0x00000000ef100000,0x00000000ef600000)
 ParOldGen       total 87552K, used 1762K [0x00000000c0000000, 0x00000000c5580000, 0x00000000eab00000)
  object space 87552K, 2% used [0x00000000c0000000,0x00000000c01b88f0,0x00000000c5580000)
 Metaspace       used 5651K, capacity 7024K, committed 7296K, reserved 1056768K
  class space    used 534K, capacity 616K, committed 640K, reserved 1048576K

Card table byte_map: [0x0000000011b00000,0x0000000011d10000] byte_map_base: 0x0000000011500000

Marking Bits: (ParMarkBitMap*) 0x00000000746b9d00
 Begin Bits: [0x0000000012270000, 0x0000000013270000)
 End Bits:   [0x0000000013270000, 0x0000000014270000)

Polling page: 0x0000000000930000

CodeCache: size=245760Kb used=5835Kb max_used=5835Kb free=239924Kb
 bounds [0x0000000002740000, 0x0000000002d00000, 0x0000000011740000]
 total_blobs=1614 nmethods=1355 adapters=173
 compilation: enabled

Compilation events (10 events):
Event: 1.689 Thread 0x0000000014e11800 nmethod 1362 0x0000000002cdfa90 code [0x0000000002cdfcc0, 0x0000000002ce08b8]
Event: 1.693 Thread 0x0000000014e11800 1364       3       com.android.dx.ssa.back.FirstFitLocalCombiningAllocator::handleCheckCastResults (413 bytes)
Event: 1.699 Thread 0x0000000014e11800 nmethod 1364 0x0000000002ce0e50 code [0x0000000002ce1420, 0x0000000002ce52f8]
Event: 1.699 Thread 0x0000000014e11800 1366       3       com.android.dx.cf.code.Ropper::addReturnBlock (228 bytes)
Event: 1.702 Thread 0x0000000014e11800 nmethod 1366 0x0000000002ce7f50 code [0x0000000002ce8480, 0x0000000002cebce8]
Event: 1.702 Thread 0x0000000014e11800 1367       3       com.android.dx.cf.code.Ropper::addSynchExceptionHandlerBlock (206 bytes)
Event: 1.707 Thread 0x0000000014e11800 nmethod 1367 0x0000000002ceead0 code [0x0000000002cef080, 0x0000000002cf2df8]
Event: 1.707 Thread 0x0000000014e11800 1365       3       com.android.dx.cf.code.BaseMachine::popArgs (137 bytes)
Event: 1.709 Thread 0x0000000014e11800 nmethod 1365 0x0000000002cf60d0 code [0x0000000002cf6440, 0x0000000002cf7e48]
Event: 1.714 Thread 0x0000000014e11800 1368       3       com.android.dx.cf.code.Ropper::addSetupBlocks (535 bytes)

GC Heap History (2 events):
Event: 1.183 GC heap before
{Heap before GC invocations=1 (full 0):
 PSYoungGen      total 38400K, used 33280K [0x00000000eab00000, 0x00000000ed580000, 0x0000000100000000)
  eden space 33280K, 100% used [0x00000000eab00000,0x00000000ecb80000,0x00000000ecb80000)
  from space 5120K, 0% used [0x00000000ed080000,0x00000000ed080000,0x00000000ed580000)
  to   space 5120K, 0% used [0x00000000ecb80000,0x00000000ecb80000,0x00000000ed080000)
 ParOldGen       total 87552K, used 0K [0x00000000c0000000, 0x00000000c5580000, 0x00000000eab00000)
  object space 87552K, 0% used [0x00000000c0000000,0x00000000c0000000,0x00000000c5580000)
 Metaspace       used 5586K, capacity 6960K, committed 7040K, reserved 1056768K
  class space    used 533K, capacity 616K, committed 640K, reserved 1048576K
Event: 1.201 GC heap after
Heap after GC invocations=1 (full 0):
 PSYoungGen      total 38400K, used 5095K [0x00000000eab00000, 0x00000000ef600000, 0x0000000100000000)
  eden space 33280K, 0% used [0x00000000eab00000,0x00000000eab00000,0x00000000ecb80000)
  from space 5120K, 99% used [0x00000000ecb80000,0x00000000ed079c78,0x00000000ed080000)
  to   space 5120K, 0% used [0x00000000ef100000,0x00000000ef100000,0x00000000ef600000)
 ParOldGen       total 87552K, used 1762K [0x00000000c0000000, 0x00000000c5580000, 0x00000000eab00000)
  object space 87552K, 2% used [0x00000000c0000000,0x00000000c01b88f0,0x00000000c5580000)
 Metaspace       used 5586K, capacity 6960K, committed 7040K, reserved 1056768K
  class space    used 533K, capacity 616K, committed 640K, reserved 1048576K
}

Deoptimization events (10 events):
Event: 0.725 Thread 0x0000000002640800 Uncommon trap: reason=class_check action=maybe_recompile pc=0x0000000002a3f18c method=com.android.dx.rop.type.Type.equals(Ljava/lang/Object;)Z @ 8
Event: 0.725 Thread 0x0000000002640800 Uncommon trap: reason=unstable_if action=reinterpret pc=0x0000000002a3f170 method=com.android.dx.rop.code.RegisterSpec.equals(ILcom/android/dx/rop/type/TypeBearer;Lcom/android/dx/rop/code/LocalItem;)Z @ 16
Event: 0.729 Thread 0x0000000002640800 Uncommon trap: reason=unstable_if action=reinterpret pc=0x00000000029871c0 method=java.util.HashMap.getNode(ILjava/lang/Object;)Ljava/util/HashMap$Node; @ 62
Event: 0.747 Thread 0x0000000002640800 Uncommon trap: reason=unstable_if action=reinterpret pc=0x00000000029ebe5c method=com.android.dx.rop.cst.Constant.compareTo(Lcom/android/dx/rop/cst/Constant;)I @ 12
Event: 0.824 Thread 0x0000000002640800 Uncommon trap: reason=unstable_if action=reinterpret pc=0x0000000002ac76f8 method=com.android.dx.rop.code.LocalItem.hashCode()I @ 25
Event: 0.824 Thread 0x0000000002640800 Uncommon trap: reason=unstable_if action=reinterpret pc=0x0000000002a7bca0 method=com.android.dx.rop.code.LocalItem.hashCode()I @ 25
Event: 0.827 Thread 0x0000000002640800 Uncommon trap: reason=unstable_if action=reinterpret pc=0x0000000002a238d8 method=com.android.dx.rop.code.LocalItem.hashCode()I @ 25
Event: 1.117 Thread 0x0000000002640800 Uncommon trap: reason=unstable_if action=reinterpret pc=0x0000000002ac6f2c method=com.android.dx.rop.code.RegisterSpecSet.put(Lcom/android/dx/rop/code/RegisterSpec;)V @ 77
Event: 1.118 Thread 0x0000000002640800 Uncommon trap: reason=unstable_if action=reinterpret pc=0x0000000002ad18e8 method=com.android.dx.rop.code.RegisterSpecSet.put(Lcom/android/dx/rop/code/RegisterSpec;)V @ 77
Event: 1.334 Thread 0x0000000002640800 Uncommon trap: reason=unstable_if action=reinterpret pc=0x0000000002bd21dc method=com.android.dx.ssa.SsaMethod.updateOneDefinition(Lcom/android/dx/ssa/SsaInsn;Lcom/android/dx/rop/code/RegisterSpec;)V @ 4

Internal exceptions (2 events):
Event: 0.046 Thread 0x0000000002640800 Exception <a 'java/lang/NoSuchMethodError': Method sun.misc.Unsafe.defineClass(Ljava/lang/String;[BII)Ljava/lang/Class; name or signature does not match> (0x00000000eab07cc0) thrown at [C:\src\android\AOSP-openjdk\external\jetbrains\jdk\hotspot\src\share\v¸èEpaãß?
Event: 0.046 Thread 0x0000000002640800 Exception <a 'java/lang/NoSuchMethodError': Method sun.misc.Unsafe.prefetchRead(Ljava/lang/Object;J)V name or signature does not match> (0x00000000eab07fa8) thrown at [C:\src\android\AOSP-openjdk\external\jetbrains\jdk\hotspot\src\share\vm\prims\jni.cpp, l

Events (10 events):
Event: 1.118 Thread 0x0000000002640800 DEOPT UNPACKING pc=0x000000000278556a sp=0x00000000025be780 mode 2
Event: 1.183 Executing VM operation: ParallelGCFailedAllocation
Event: 1.201 Executing VM operation: ParallelGCFailedAllocation done
Event: 1.333 loading class com/android/dx/rop/code/RegOps
Event: 1.333 loading class com/android/dx/rop/code/RegOps done
Event: 1.334 Thread 0x0000000002640800 Uncommon trap: trap_request=0xffffff65 fr.pc=0x0000000002bd21dc
Event: 1.334 Thread 0x0000000002640800 DEOPT PACKING pc=0x0000000002bd21dc sp=0x00000000025be650
Event: 1.334 Thread 0x0000000002640800 DEOPT UNPACKING pc=0x000000000278556a sp=0x00000000025be5f8 mode 2
Event: 1.336 loading class com/android/dx/cf/attrib/AttRuntimeVisibleAnnotations
Event: 1.336 loading class com/android/dx/cf/attrib/AttRuntimeVisibleAnnotations done


Dynamic libraries:
0x00007ff7c3b40000 - 0x00007ff7c3b71000 	E:\android\android studio\jre\bin\java.exe
0x00007ffafe1b0000 - 0x00007ffafe381000 	C:\WINDOWS\SYSTEM32\ntdll.dll
0x00007ffafe100000 - 0x00007ffafe1ab000 	C:\WINDOWS\System32\KERNEL32.DLL
0x00007ffafa820000 - 0x00007ffafaa3d000 	C:\WINDOWS\System32\KERNELBASE.dll
0x00007ffafbce0000 - 0x00007ffafbd82000 	C:\WINDOWS\System32\ADVAPI32.dll
0x00007ffafde90000 - 0x00007ffafdf2e000 	C:\WINDOWS\System32\msvcrt.dll
0x00007ffafbc80000 - 0x00007ffafbcd9000 	C:\WINDOWS\System32\sechost.dll
0x00007ffafbf40000 - 0x00007ffafc061000 	C:\WINDOWS\System32\RPCRT4.dll
0x00007ffafdf90000 - 0x00007ffafe0f5000 	C:\WINDOWS\System32\USER32.dll
0x00007ffafa7b0000 - 0x00007ffafa7ce000 	C:\WINDOWS\System32\win32u.dll
0x00007ffafc110000 - 0x00007ffafc144000 	C:\WINDOWS\System32\GDI32.dll
0x00007ffafb2c0000 - 0x00007ffafb442000 	C:\WINDOWS\System32\gdi32full.dll
0x00007ffaeeb70000 - 0x00007ffaeede9000 	C:\WINDOWS\WinSxS\amd64_microsoft.windows.common-controls_6595b64144ccf1df_6.0.14393.447_none_42191651c6827bb3\COMCTL32.dll
0x00007ffafb7b0000 - 0x00007ffafba78000 	C:\WINDOWS\System32\combase.dll
0x00007ffafaa40000 - 0x00007ffafab35000 	C:\WINDOWS\System32\ucrtbase.dll
0x00007ffafb450000 - 0x00007ffafb4ba000 	C:\WINDOWS\System32\bcryptPrimitives.dll
0x00007ffafc0e0000 - 0x00007ffafc10e000 	C:\WINDOWS\System32\IMM32.DLL
0x0000000074840000 - 0x0000000074912000 	E:\android\android studio\jre\jre\bin\msvcr100.dll
0x0000000073f00000 - 0x0000000074734000 	E:\android\android studio\jre\jre\bin\server\jvm.dll
0x00007ffafbf30000 - 0x00007ffafbf38000 	C:\WINDOWS\System32\PSAPI.DLL
0x00007ffaf8420000 - 0x00007ffaf8443000 	C:\WINDOWS\SYSTEM32\WINMM.dll
0x00007ffaeedf0000 - 0x00007ffaeedfa000 	C:\WINDOWS\SYSTEM32\VERSION.dll
0x00007ffae6710000 - 0x00007ffae6719000 	C:\WINDOWS\SYSTEM32\WSOCK32.dll
0x0000000000950000 - 0x000000000097b000 	C:\WINDOWS\SYSTEM32\WINMMBASE.dll
0x00007ffafc2c0000 - 0x00007ffafc32a000 	C:\WINDOWS\System32\WS2_32.dll
0x00007ffafa7d0000 - 0x00007ffafa812000 	C:\WINDOWS\System32\cfgmgr32.dll
0x00007ffaf6680000 - 0x00007ffaf668f000 	E:\android\android studio\jre\jre\bin\verify.dll
0x00007ffaf08e0000 - 0x00007ffaf0909000 	E:\android\android studio\jre\jre\bin\java.dll
0x00007ffaf2390000 - 0x00007ffaf23a6000 	E:\android\android studio\jre\jre\bin\zip.dll
0x00007ffafc880000 - 0x00007ffafdd89000 	C:\WINDOWS\System32\SHELL32.dll
0x00007ffafab40000 - 0x00007ffafb21a000 	C:\WINDOWS\System32\windows.storage.dll
0x00007ffafa640000 - 0x00007ffafa68c000 	C:\WINDOWS\System32\powrprof.dll
0x00007ffafc070000 - 0x00007ffafc0c2000 	C:\WINDOWS\System32\shlwapi.dll
0x00007ffafa630000 - 0x00007ffafa63f000 	C:\WINDOWS\System32\kernel.appcore.dll
0x00007ffafb4c0000 - 0x00007ffafb569000 	C:\WINDOWS\System32\shcore.dll
0x00007ffafa610000 - 0x00007ffafa624000 	C:\WINDOWS\System32\profapi.dll

VM Arguments:
jvm_args: -Djava.awt.headless=true -Xmx1024M -Dfile.encoding=windows-1252 -Duser.country=IN -Duser.language=en -Duser.variant 
java_command: com.android.dx.command.Main --dex --output D:\ADUU\Litmus'17\Litmus'17\app\build\intermediates\pre-dexed\release\com.android.support-support-compat-25.1.1_8a97a581e8a11b168fd0a2910c9cc212b0f251c7.jar D:\ADUU\Litmus'17\Litmus'17\app\build\intermediates\exploded-aar\com.android.support\support-compat\25.1.1\jars\classes.jar
java_class_path (initial): E:\android\sdk\build-tools\22.0.1\lib\dx.jar
Launcher Type: SUN_STANDARD

Environment Variables:
PATH=C:\Program Files (x86)\NVIDIA Corporation\PhysX\Common;C:\Program Files (x86)\Intel\iCLS Client\;C:\Program Files\Intel\iCLS Client\;C:\WINDOWS\system32;C:\WINDOWS;C:\WINDOWS\System32\Wbem;C:\WINDOWS\System32\WindowsPowerShell\v1.0\;C:\Program Files\Intel\Intel(R) Management Engine Components\DAL;C:\Program Files\Intel\Intel(R) Management Engine Components\IPT;C:\Program Files (x86)\Intel\Intel(R) Management Engine Components\DAL;C:\Program Files (x86)\Intel\Intel(R) Management Engine Components\IPT;C:\Program Files\Java\jdk1.7.0_79\bin;C:\Program Files\Git\cmd;C:\Users\saiso\AppData\Local\Microsoft\WindowsApps;
USERNAME=saiso
OS=Windows_NT
PROCESSOR_IDENTIFIER=Intel64 Family 6 Model 69 Stepping 1, GenuineIntel



---------------  S Y S T E M  ---------------

OS: Windows 10.0 , 64 bit Build 14393 (10.0.14393.0)

CPU:total 4 (2 cores per cpu, 2 threads per core) family 6 model 69 stepping 1, cmov, cx8, fxsr, mmx, sse, sse2, sse3, ssse3, sse4.1, sse4.2, popcnt, avx, avx2, aes, clmul, erms, lzcnt, ht, tsc, tscinvbit, bmi1, bmi2

Memory: 4k page, physical 8278296k(2011240k free), swap 33444120k(2880k free)

vm_info: OpenJDK 64-Bit Server VM (25.76-b03) for windows-amd64 JRE (1.8.0_76-release-b03), built on Jun 29 2016 19:09:20 by "ralucas" with MS VC++ 10.0 (VS2010)

time: Tue Feb 28 19:35:47 2017
elapsed time: 1 seconds (0d 0h 0m 1s)

