#
# There is insufficient memory for the Java Runtime Environment to continue.
# Native memory allocation (malloc) failed to allocate 32744 bytes for ChunkPool::allocate
# Possible reasons:
#   The system is out of physical RAM or swap space
#   In 32 bit mode, the process size limit was hit
# Possible solutions:
#   Reduce memory load on the system
#   Increase physical memory or swap space
#   Check if swap backing store is full
#   Use 64 bit Java on a 64 bit OS
#   Decrease Java heap size (-Xmx/-Xms)
#   Decrease number of Java threads
#   Decrease Java thread stack sizes (-Xss)
#   Set larger code cache with -XX:ReservedCodeCacheSize=
# This output file may be truncated or incomplete.
#
#  Out of Memory Error (allocation.cpp:273), pid=2836, tid=0x0000000000002f54
#
# JRE version: OpenJDK Runtime Environment (8.0_76-b03) (build 1.8.0_76-release-b03)
# Java VM: OpenJDK 64-Bit Server VM (25.76-b03 mixed mode windows-amd64 compressed oops)
# Failed to write core dump. Minidumps are not enabled by default on client versions of Windows
#

---------------  T H R E A D  ---------------

Current thread (0x000000001550b800):  JavaThread "C2 CompilerThread0" daemon [_thread_in_native, id=12116, stack(0x0000000016b90000,0x0000000016c90000)]

Stack: [0x0000000016b90000,0x0000000016c90000]
[error occurred during error reporting (printing stack bounds), id 0xc0000005]

Native frames: (J=compiled Java code, j=interpreted, Vv=VM code, C=native code)


Current CompileTask:
C2:   1439 1277       4       com.android.dx.ssa.back.LivenessAnalyzer::run (231 bytes)


---------------  P R O C E S S  ---------------

Java Threads: ( => current thread )
  0x0000000016eb8800 JavaThread "Service Thread" daemon [_thread_blocked, id=12124, stack(0x0000000017290000,0x0000000017390000)]
  0x0000000015512800 JavaThread "C1 CompilerThread2" daemon [_thread_blocked, id=7864, stack(0x0000000016d90000,0x0000000016e90000)]
  0x000000001550f000 JavaThread "C2 CompilerThread1" daemon [_thread_in_native, id=6116, stack(0x0000000016c90000,0x0000000016d90000)]
=>0x000000001550b800 JavaThread "C2 CompilerThread0" daemon [_thread_in_native, id=12116, stack(0x0000000016b90000,0x0000000016c90000)]
  0x000000001550a000 JavaThread "Attach Listener" daemon [_thread_blocked, id=15352, stack(0x0000000016a90000,0x0000000016b90000)]
  0x0000000015509000 JavaThread "Signal Dispatcher" daemon [_thread_blocked, id=3352, stack(0x0000000016990000,0x0000000016a90000)]
  0x00000000154f8000 JavaThread "Finalizer" daemon [_thread_blocked, id=1884, stack(0x00000000167a0000,0x00000000168a0000)]
  0x0000000002e2f000 JavaThread "Reference Handler" daemon [_thread_blocked, id=4904, stack(0x00000000166a0000,0x00000000167a0000)]
  0x0000000002d40800 JavaThread "main" [_thread_in_Java, id=10196, stack(0x0000000002c40000,0x0000000002d40000)]

Other Threads:
  0x00000000154d5800 VMThread [stack: 0x00000000165a0000,0x00000000166a0000] [id=6308]
  0x000000001556c800 WatcherThread [stack: 0x0000000017390000,0x0000000017490000] [id=1124]

VM state:not at safepoint (normal execution)

VM Mutex/Monitor currently owned by a thread: None

Heap:
 PSYoungGen      total 38400K, used 10071K [0x00000000eab00000, 0x00000000ef600000, 0x0000000100000000)
  eden space 33280K, 14% used [0x00000000eab00000,0x00000000eafdc0f0,0x00000000ecb80000)
  from space 5120K, 99% used [0x00000000ecb80000,0x00000000ed079c98,0x00000000ed080000)
  to   space 5120K, 0% used [0x00000000ef100000,0x00000000ef100000,0x00000000ef600000)
 ParOldGen       total 87552K, used 1609K [0x00000000c0000000, 0x00000000c5580000, 0x00000000eab00000)
  object space 87552K, 1% used [0x00000000c0000000,0x00000000c0192638,0x00000000c5580000)
 Metaspace       used 5640K, capacity 6896K, committed 7040K, reserved 1056768K
  class space    used 534K, capacity 616K, committed 640K, reserved 1048576K

Card table byte_map: [0x0000000012200000,0x0000000012410000] byte_map_base: 0x0000000011c00000

Marking Bits: (ParMarkBitMap*) 0x00000000746b9d00
 Begin Bits: [0x0000000012970000, 0x0000000013970000)
 End Bits:   [0x0000000013970000, 0x0000000014970000)

Polling page: 0x0000000001070000

CodeCache: size=245760Kb used=5248Kb max_used=5259Kb free=240511Kb
 bounds [0x0000000002e40000, 0x0000000003370000, 0x0000000011e40000]
 total_blobs=1542 nmethods=1279 adapters=177
 compilation: enabled

Compilation events (10 events):
Event: 1.380 Thread 0x0000000015512800 1282       3       com.android.dx.rop.cst.CstLiteral64::equals (36 bytes)
Event: 1.380 Thread 0x0000000015512800 nmethod 1282 0x000000000335c110 code [0x000000000335c280, 0x000000000335c6f0]
Event: 1.386 Thread 0x0000000015512800 1283       3       com.android.dx.ssa.SCCP::simulateStmt (481 bytes)
Event: 1.389 Thread 0x0000000015512800 nmethod 1283 0x000000000335c7d0 code [0x000000000335cb00, 0x000000000335ea98]
Event: 1.392 Thread 0x000000001550b800 nmethod 1271 0x0000000003363b90 code [0x0000000003363d80, 0x00000000033650b8]
Event: 1.392 Thread 0x000000001550b800 1277       4       com.android.dx.ssa.back.LivenessAnalyzer::run (231 bytes)
Event: 1.426 Thread 0x0000000015512800 1285       3       com.android.dx.ssa.back.SsaToRop::moveParametersToHighRegisters (88 bytes)
Event: 1.427 Thread 0x0000000015512800 nmethod 1285 0x0000000003362d90 code [0x0000000003362f60, 0x0000000003363838]
Event: 1.430 Thread 0x0000000015512800 1286       3       com.android.dx.rop.cst.CstLong::getType (4 bytes)
Event: 1.430 Thread 0x0000000015512800 nmethod 1286 0x0000000003362a50 code [0x0000000003362ba0, 0x0000000003362cf0]

GC Heap History (2 events):
Event: 1.311 GC heap before
{Heap before GC invocations=1 (full 0):
 PSYoungGen      total 38400K, used 33280K [0x00000000eab00000, 0x00000000ed580000, 0x0000000100000000)
  eden space 33280K, 100% used [0x00000000eab00000,0x00000000ecb80000,0x00000000ecb80000)
  from space 5120K, 0% used [0x00000000ed080000,0x00000000ed080000,0x00000000ed580000)
  to   space 5120K, 0% used [0x00000000ecb80000,0x00000000ecb80000,0x00000000ed080000)
 ParOldGen       total 87552K, used 0K [0x00000000c0000000, 0x00000000c5580000, 0x00000000eab00000)
  object space 87552K, 0% used [0x00000000c0000000,0x00000000c0000000,0x00000000c5580000)
 Metaspace       used 5614K, capacity 6896K, committed 7040K, reserved 1056768K
  class space    used 534K, capacity 616K, committed 640K, reserved 1048576K
Event: 1.329 GC heap after
Heap after GC invocations=1 (full 0):
 PSYoungGen      total 38400K, used 5095K [0x00000000eab00000, 0x00000000ef600000, 0x0000000100000000)
  eden space 33280K, 0% used [0x00000000eab00000,0x00000000eab00000,0x00000000ecb80000)
  from space 5120K, 99% used [0x00000000ecb80000,0x00000000ed079c98,0x00000000ed080000)
  to   space 5120K, 0% used [0x00000000ef100000,0x00000000ef100000,0x00000000ef600000)
 ParOldGen       total 87552K, used 1609K [0x00000000c0000000, 0x00000000c5580000, 0x00000000eab00000)
  object space 87552K, 1% used [0x00000000c0000000,0x00000000c0192638,0x00000000c5580000)
 Metaspace       used 5614K, capacity 6896K, committed 7040K, reserved 1056768K
  class space    used 534K, capacity 616K, committed 640K, reserved 1048576K
}

Deoptimization events (10 events):
Event: 0.636 Thread 0x0000000002d40800 Uncommon trap: reason=unstable_if action=reinterpret pc=0x00000000030176c4 method=java.util.HashMap.getNode(ILjava/lang/Object;)Ljava/util/HashMap$Node; @ 129
Event: 0.672 Thread 0x0000000002d40800 Uncommon trap: reason=class_check action=maybe_recompile pc=0x00000000030dfef0 method=com.android.dx.ssa.NormalSsaInsn.accept(Lcom/android/dx/ssa/SsaInsn$Visitor;)V @ 9
Event: 0.903 Thread 0x0000000002d40800 Uncommon trap: reason=bimorphic action=maybe_recompile pc=0x00000000030b6eb4 method=java.util.HashMap.getNode(ILjava/lang/Object;)Ljava/util/HashMap$Node; @ 126
Event: 0.903 Thread 0x0000000002d40800 Uncommon trap: reason=class_check action=maybe_recompile pc=0x0000000003230a54 method=java.util.HashMap.putVal(ILjava/lang/Object;Ljava/lang/Object;ZZ)Ljava/lang/Object; @ 203
Event: 1.014 Thread 0x0000000002d40800 Uncommon trap: reason=class_check action=maybe_recompile pc=0x00000000030dfef0 method=com.android.dx.ssa.NormalSsaInsn.accept(Lcom/android/dx/ssa/SsaInsn$Visitor;)V @ 9
Event: 1.014 Thread 0x0000000002d40800 Uncommon trap: reason=class_check action=maybe_recompile pc=0x000000000307c430 method=com.android.dx.ssa.NormalSsaInsn.accept(Lcom/android/dx/ssa/SsaInsn$Visitor;)V @ 9
Event: 1.014 Thread 0x0000000002d40800 Uncommon trap: reason=class_check action=maybe_recompile pc=0x000000000307c430 method=com.android.dx.ssa.NormalSsaInsn.accept(Lcom/android/dx/ssa/SsaInsn$Visitor;)V @ 9
Event: 1.073 Thread 0x0000000002d40800 Uncommon trap: reason=class_check action=maybe_recompile pc=0x00000000030dfef0 method=com.android.dx.ssa.NormalSsaInsn.accept(Lcom/android/dx/ssa/SsaInsn$Visitor;)V @ 9
Event: 1.353 Thread 0x0000000002d40800 Uncommon trap: reason=unstable_if action=reinterpret pc=0x0000000003250c1c method=com.android.dx.ssa.SsaMethod.updateOneDefinition(Lcom/android/dx/ssa/SsaInsn;Lcom/android/dx/rop/code/RegisterSpec;)V @ 4
Event: 1.386 Thread 0x0000000002d40800 Uncommon trap: reason=unstable_if action=reinterpret pc=0x00000000032be478 method=com.android.dx.ssa.SCCP.simulateStmt(Lcom/android/dx/ssa/SsaInsn;)V @ 53

Internal exceptions (2 events):
Event: 0.041 Thread 0x0000000002d40800 Exception <a 'java/lang/NoSuchMethodError': Method sun.misc.Unsafe.defineClass(Ljava/lang/String;[BII)Ljava/lang/Class; name or signature does not match> (0x00000000eab07cc0) thrown at [C:\src\android\AOSP-openjdk\external\jetbrains\jdk\hotspot\src\share\v'~GY´ù¤?
Event: 0.041 Thread 0x0000000002d40800 Exception <a 'java/lang/NoSuchMethodError': Method sun.misc.Unsafe.prefetchRead(Ljava/lang/Object;J)V name or signature does not match> (0x00000000eab07fa8) thrown at [C:\src\android\AOSP-openjdk\external\jetbrains\jdk\hotspot\src\share\vm\prims\jni.cpp, l

Events (10 events):
Event: 1.311 Executing VM operation: ParallelGCFailedAllocation
Event: 1.329 Executing VM operation: ParallelGCFailedAllocation done
Event: 1.350 Thread 0x0000000002d40800 DEOPT PACKING pc=0x00000000031b0e6d sp=0x0000000002d3e6d0
Event: 1.350 Thread 0x0000000002d40800 DEOPT UNPACKING pc=0x0000000002e875bf sp=0x0000000002d3e468 mode 0
Event: 1.353 Thread 0x0000000002d40800 Uncommon trap: trap_request=0xffffff65 fr.pc=0x0000000003250c1c
Event: 1.353 Thread 0x0000000002d40800 DEOPT PACKING pc=0x0000000003250c1c sp=0x0000000002d3e640
Event: 1.353 Thread 0x0000000002d40800 DEOPT UNPACKING pc=0x0000000002e8556a sp=0x0000000002d3e5e8 mode 2
Event: 1.386 Thread 0x0000000002d40800 Uncommon trap: trap_request=0xffffff65 fr.pc=0x00000000032be478
Event: 1.386 Thread 0x0000000002d40800 DEOPT PACKING pc=0x00000000032be478 sp=0x0000000002d3e8c0
Event: 1.386 Thread 0x0000000002d40800 DEOPT UNPACKING pc=0x0000000002e8556a sp=0x0000000002d3e888 mode 2


Dynamic libraries:
0x00007ff7c3b40000 - 0x00007ff7c3b71000 	E:\android\android studio\jre\bin\java.exe
0x00007ffafe1b0000 - 0x00007ffafe381000 	C:\WINDOWS\SYSTEM32\ntdll.dll
0x00007ffafe100000 - 0x00007ffafe1ab000 	C:\WINDOWS\System32\KERNEL32.DLL
0x00007ffafa820000 - 0x00007ffafaa3d000 	C:\WINDOWS\System32\KERNELBASE.dll
0x00007ffafbce0000 - 0x00007ffafbd82000 	C:\WINDOWS\System32\ADVAPI32.dll
0x00007ffafde90000 - 0x00007ffafdf2e000 	C:\WINDOWS\System32\msvcrt.dll
0x00007ffafbc80000 - 0x00007ffafbcd9000 	C:\WINDOWS\System32\sechost.dll
0x00007ffafbf40000 - 0x00007ffafc061000 	C:\WINDOWS\System32\RPCRT4.dll
0x00007ffafdf90000 - 0x00007ffafe0f5000 	C:\WINDOWS\System32\USER32.dll
0x00007ffafa7b0000 - 0x00007ffafa7ce000 	C:\WINDOWS\System32\win32u.dll
0x00007ffafc110000 - 0x00007ffafc144000 	C:\WINDOWS\System32\GDI32.dll
0x00007ffafb2c0000 - 0x00007ffafb442000 	C:\WINDOWS\System32\gdi32full.dll
0x00007ffaeeb70000 - 0x00007ffaeede9000 	C:\WINDOWS\WinSxS\amd64_microsoft.windows.common-controls_6595b64144ccf1df_6.0.14393.447_none_42191651c6827bb3\COMCTL32.dll
0x00007ffafb7b0000 - 0x00007ffafba78000 	C:\WINDOWS\System32\combase.dll
0x00007ffafaa40000 - 0x00007ffafab35000 	C:\WINDOWS\System32\ucrtbase.dll
0x00007ffafb450000 - 0x00007ffafb4ba000 	C:\WINDOWS\System32\bcryptPrimitives.dll
0x00007ffafc0e0000 - 0x00007ffafc10e000 	C:\WINDOWS\System32\IMM32.DLL
0x0000000074840000 - 0x0000000074912000 	E:\android\android studio\jre\jre\bin\msvcr100.dll
0x0000000073f00000 - 0x0000000074734000 	E:\android\android studio\jre\jre\bin\server\jvm.dll
0x00007ffafbf30000 - 0x00007ffafbf38000 	C:\WINDOWS\System32\PSAPI.DLL
0x00007ffae6710000 - 0x00007ffae6719000 	C:\WINDOWS\SYSTEM32\WSOCK32.dll
0x00007ffafc2c0000 - 0x00007ffafc32a000 	C:\WINDOWS\System32\WS2_32.dll
0x00007ffaf8420000 - 0x00007ffaf8443000 	C:\WINDOWS\SYSTEM32\WINMM.dll
0x00007ffaeedf0000 - 0x00007ffaeedfa000 	C:\WINDOWS\SYSTEM32\VERSION.dll
0x00007ffaf83f0000 - 0x00007ffaf841b000 	C:\WINDOWS\SYSTEM32\WINMMBASE.dll
0x00007ffafa7d0000 - 0x00007ffafa812000 	C:\WINDOWS\System32\cfgmgr32.dll
0x00007ffaf6680000 - 0x00007ffaf668f000 	E:\android\android studio\jre\jre\bin\verify.dll
0x00007ffaf08e0000 - 0x00007ffaf0909000 	E:\android\android studio\jre\jre\bin\java.dll
0x00007ffaf2390000 - 0x00007ffaf23a6000 	E:\android\android studio\jre\jre\bin\zip.dll
0x00007ffafc880000 - 0x00007ffafdd89000 	C:\WINDOWS\System32\SHELL32.dll
0x00007ffafab40000 - 0x00007ffafb21a000 	C:\WINDOWS\System32\windows.storage.dll
0x00007ffafa640000 - 0x00007ffafa68c000 	C:\WINDOWS\System32\powrprof.dll
0x00007ffafc070000 - 0x00007ffafc0c2000 	C:\WINDOWS\System32\shlwapi.dll
0x00007ffafa630000 - 0x00007ffafa63f000 	C:\WINDOWS\System32\kernel.appcore.dll
0x00007ffafb4c0000 - 0x00007ffafb569000 	C:\WINDOWS\System32\shcore.dll
0x00007ffafa610000 - 0x00007ffafa624000 	C:\WINDOWS\System32\profapi.dll

VM Arguments:
jvm_args: -Djava.awt.headless=true -Xmx1024M -Dfile.encoding=windows-1252 -Duser.country=IN -Duser.language=en -Duser.variant 
java_command: com.android.dx.command.Main --dex --output D:\ADUU\Litmus'17\Litmus'17\app\build\intermediates\pre-dexed\release\jackson-core-2.2.2_a82c6a10611576d680cc5fdb9a872318c4f12ee9.jar C:\Users\saiso\.gradle\caches\modules-2\files-2.1\com.fasterxml.jackson.core\jackson-core\2.2.2\d20be6a5ddd6f8cfd36ebf6dea329873a1c41f1b\jackson-core-2.2.2.jar
java_class_path (initial): E:\android\sdk\build-tools\22.0.1\lib\dx.jar
Launcher Type: SUN_STANDARD

Environment Variables:
PATH=C:\Program Files (x86)\NVIDIA Corporation\PhysX\Common;C:\Program Files (x86)\Intel\iCLS Client\;C:\Program Files\Intel\iCLS Client\;C:\WINDOWS\system32;C:\WINDOWS;C:\WINDOWS\System32\Wbem;C:\WINDOWS\System32\WindowsPowerShell\v1.0\;C:\Program Files\Intel\Intel(R) Management Engine Components\DAL;C:\Program Files\Intel\Intel(R) Management Engine Components\IPT;C:\Program Files (x86)\Intel\Intel(R) Management Engine Components\DAL;C:\Program Files (x86)\Intel\Intel(R) Management Engine Components\IPT;C:\Program Files\Java\jdk1.7.0_79\bin;C:\Program Files\Git\cmd;C:\Users\saiso\AppData\Local\Microsoft\WindowsApps;
USERNAME=saiso
OS=Windows_NT
PROCESSOR_IDENTIFIER=Intel64 Family 6 Model 69 Stepping 1, GenuineIntel



---------------  S Y S T E M  ---------------

OS: Windows 10.0 , 64 bit Build 14393 (10.0.14393.0)

CPU:total 4 (2 cores per cpu, 2 threads per core) family 6 model 69 stepping 1, cmov, cx8, fxsr, mmx, sse, sse2, sse3, ssse3, sse4.1, sse4.2, popcnt, avx, avx2, aes, clmul, erms, lzcnt, ht, tsc, tscinvbit, bmi1, bmi2

Memory: 4k page, physical 8278296k(1993540k free), swap 33444120k(4092k free)

vm_info: OpenJDK 64-Bit Server VM (25.76-b03) for windows-amd64 JRE (1.8.0_76-release-b03), built on Jun 29 2016 19:09:20 by "ralucas" with MS VC++ 10.0 (VS2010)

time: Tue Feb 28 19:38:17 2017
elapsed time: 1 seconds (0d 0h 0m 1s)

